# JRE version: OpenJDK Runtime Environment (10.0.2+13) (build 10.0.2+13-Ubuntu-1ubuntu0.18.04.4)
# Java VM: OpenJDK 64-Bit Server VM (10.0.2+13-Ubuntu-1ubuntu0.18.04.4, mixed mode, tiered, compressed oops, g1 gc, linux-amd64)
Heap:
 garbage-first heap   total 514048K, used 18554K [0x00000006c7200000, 0x00000007c0000000)
  region size 1024K, 1 young (1024K), 1 survivors (1024K)
 Metaspace       used 32169K, capacity 32671K, committed 33072K, reserved 1077248K
  class space    used 4089K, capacity 4342K, committed 4400K, reserved 1048576K
GC Heap History (10 events):
Event: 6786.873 GC heap after
{Heap after GC invocations=673 (full 0):
 garbage-first heap   total 256000K, used 18845K [0x00000006c7200000, 0x00000007c0000000)
  region size 1024K, 9 young (9216K), 9 survivors (9216K)
 Metaspace       used 32169K, capacity 32671K, committed 33072K, reserved 1077248K
  class space    used 4089K, capacity 4342K, committed 4400K, reserved 1048576K
}
Event: 6892.800 GC heap before
{Heap before GC invocations=673 (full 0):
 garbage-first heap   total 256000K, used 21917K [0x00000006c7200000, 0x00000007c0000000)
  region size 1024K, 12 young (12288K), 9 survivors (9216K)
 Metaspace       used 32169K, capacity 32671K, committed 33072K, reserved 1077248K
  class space    used 4089K, capacity 4342K, committed 4400K, reserved 1048576K
}
Event: 6906.422 GC heap after
{Heap after GC invocations=674 (full 0):
 garbage-first heap   total 256000K, used 19160K [0x00000006c7200000, 0x00000007c0000000)
  region size 1024K, 2 young (2048K), 2 survivors (2048K)
 Metaspace       used 32169K, capacity 32671K, committed 33072K, reserved 1077248K
  class space    used 4089K, capacity 4342K, committed 4400K, reserved 1048576K
}
Event: 6914.121 GC heap before
{Heap before GC invocations=674 (full 0):
 garbage-first heap   total 256000K, used 29400K [0x00000006c7200000, 0x00000007c0000000)
  region size 1024K, 12 young (12288K), 2 survivors (2048K)
 Metaspace       used 32169K, capacity 32671K, committed 33072K, reserved 1077248K
  class space    used 4089K, capacity 4342K, committed 4400K, reserved 1048576K
}
Event: 6917.652 GC heap after
{Heap after GC invocations=675 (full 0):
 garbage-first heap   total 256000K, used 18524K [0x00000006c7200000, 0x00000007c0000000)
  region size 1024K, 1 young (1024K), 1 survivors (1024K)
 Metaspace       used 32169K, capacity 32671K, committed 33072K, reserved 1077248K
  class space    used 4089K, capacity 4342K, committed 4400K, reserved 1048576K
}
Event: 6919.927 GC heap before
{Heap before GC invocations=675 (full 0):
 garbage-first heap   total 256000K, used 29788K [0x00000006c7200000, 0x00000007c0000000)
  region size 1024K, 12 young (12288K), 1 survivors (1024K)
 Metaspace       used 32169K, capacity 32671K, committed 33072K, reserved 1077248K
  class space    used 4089K, capacity 4342K, committed 4400K, reserved 1048576K
}
Event: 6920.015 GC heap after
{Heap after GC invocations=676 (full 0):
 garbage-first heap   total 256000K, used 18495K [0x00000006c7200000, 0x00000007c0000000)
  region size 1024K, 1 young (1024K), 1 survivors (1024K)
 Metaspace       used 32169K, capacity 32671K, committed 33072K, reserved 1077248K
  class space    used 4089K, capacity 4342K, committed 4400K, reserved 1048576K
}
Event: 7025.073 GC heap before
{Heap before GC invocations=676 (full 0):
 garbage-first heap   total 256000K, used 29759K [0x00000006c7200000, 0x00000007c0000000)
  region size 1024K, 12 young (12288K), 1 survivors (1024K)
 Metaspace       used 32169K, capacity 32671K, committed 33072K, reserved 1077248K
  class space    used 4089K, capacity 4342K, committed 4400K, reserved 1048576K
}
Event: 7040.089 GC heap after
{Heap after GC invocations=677 (full 0):
 garbage-first heap   total 256000K, used 18513K [0x00000006c7200000, 0x00000007c0000000)
  region size 1024K, 1 young (1024K), 1 survivors (1024K)
 Metaspace       used 32169K, capacity 32671K, committed 33072K, reserved 1077248K
  class space    used 4089K, capacity 4342K, committed 4400K, reserved 1048576K
}
Event: 7255.664 GC heap before
{Heap before GC invocations=677 (full 0):
 garbage-first heap   total 256000K, used 29777K [0x00000006c7200000, 0x00000007c0000000)
  region size 1024K, 12 young (12288K), 1 survivors (1024K)
 Metaspace       used 32169K, capacity 32671K, committed 33072K, reserved 1077248K
  class space    used 4089K, capacity 4342K, committed 4400K, reserved 1048576K
}

